============================= test session starts =============================
platform win32 -- Python 3.7.4, pytest-4.6.3, py-1.8.0, pluggy-0.12.0
hypothesis profile 'default' -> database=DirectoryBasedExampleDatabase('D:\\Users\\thomas\\Data\\CloudStation\\Books\\BSA\\Code_Python\\signal_analysis\\testing\\.hypothesis\\examples')
rootdir: D:\Users\thomas\Data\CloudStation\Books\BSA\Code_Python\signal_analysis\testing
plugins: hypothesis-4.24.6
collected 2 items

test_function.py .                                                       [ 50%]
test_sample.py .                                                         [100%]

========================== 2 passed in 0.03 seconds ===========================
